ChromeDriver: chrome on WINDOWS (c9f1560cf4a3f90693c31eb22d20b268)
App is launching
Salesforce  is launched
2021-02-07 11:03:40 INFO  LoginPageFeatures:29 - ChromeDriver: chrome on WINDOWS (3fd026a19ec8b3412f858de77abf8539)
2021-02-07 11:03:40 INFO  LoginPageFeatures:30 - App is launching
2021-02-07 11:03:42 INFO  SelUtility:40 - Salesforce  is launched
2021-02-07 11:05:10 INFO  LoginPageFeatures:29 - ChromeDriver: chrome on WINDOWS (7bd838c1fb06019ee47632d11fe023ab)
2021-02-07 11:05:10 INFO  LoginPageFeatures:30 - App is launching
2021-02-07 11:05:13 INFO  SelUtility:40 - Salesforce  is launched
2021-02-07 11:14:10 INFO  LoginPageFeatures:29 - ChromeDriver: chrome on WINDOWS (6b38ef3f039980a6ecd9deac328de060)
2021-02-07 11:14:10 INFO  LoginPageFeatures:30 - App is launching
2021-02-07 11:14:11 INFO  SelUtility:40 - Salesforce  is launched
2021-02-07 11:18:22 INFO  LoginPageFeatures:29 - ChromeDriver: chrome on WINDOWS (8f14c433a4c794e3c9901bcd025ef59b)
2021-02-07 11:18:22 INFO  LoginPageFeatures:30 - App is launching
2021-02-07 11:18:23 INFO  SelUtility:40 - Salesforce  is launched
2021-02-07 11:20:11 INFO  LoginPageFeatures:29 - ChromeDriver: chrome on WINDOWS (e60fde13895605303c11aae330cd19c9)
2021-02-07 11:20:11 INFO  LoginPageFeatures:30 - App is launching
2021-02-07 11:20:12 INFO  SelUtility:40 - Salesforce  is launched
2021-02-07 11:22:33 INFO  LoginPageFeatures:29 - ChromeDriver: chrome on WINDOWS (72ee28986220e3a3e24b3590298262f9)
2021-02-07 11:22:33 INFO  LoginPageFeatures:30 - App is launching
2021-02-07 11:22:34 INFO  SelUtility:40 - Salesforce  is launched
2021-02-07 11:29:43 INFO  LoginPageFeatures:29 - ChromeDriver: chrome on WINDOWS (426c933c24d99db095e873a505bc2c92)
2021-02-07 11:29:43 INFO  LoginPageFeatures:30 - App is launching
2021-02-07 11:29:44 INFO  SelUtility:40 - Salesforce  is launched
2021-02-07 11:33:14 INFO  LoginPageFeatures:29 - ChromeDriver: chrome on WINDOWS (583fe5088fc194675403a9060c6821d2)
2021-02-07 11:33:14 INFO  LoginPageFeatures:30 - App is launching
2021-02-07 11:33:17 INFO  SelUtility:40 - Salesforce  is launched
2021-02-07 11:47:02 INFO  LoginPageFeatures:29 - ChromeDriver: chrome on WINDOWS (dadcc1cf086b7bca83637faa382ca0e5)
2021-02-07 11:47:02 INFO  LoginPageFeatures:30 - App is launching
2021-02-07 11:47:03 INFO  SelUtility:65 - Salesforce  is launched
2021-02-07 11:59:16 INFO  LoginPageFeatures:29 - ChromeDriver: chrome on WINDOWS (5359e441ccb4cfe466ce554284b59646)
2021-02-07 11:59:16 INFO  LoginPageFeatures:30 - App is launching
2021-02-07 11:59:17 INFO  SelUtility:53 - Salesforce  is launched
2021-02-07 12:04:21 INFO  LoginPageFeatures:29 - ChromeDriver: chrome on WINDOWS (24ac852209eb40abc3f240e8c6269019)
2021-02-07 12:04:21 INFO  LoginPageFeatures:30 - App is launching
2021-02-07 12:04:25 INFO  SelUtility:53 - Salesforce  is launched
2021-02-07 12:41:27 INFO  LoginPageFeatures:29 - ChromeDriver: chrome on WINDOWS (c2c8090c108cad0229643a3e255ac387)
2021-02-07 12:41:27 INFO  LoginPageFeatures:30 - App is launching
2021-02-07 12:41:28 INFO  SelUtility:53 - Salesforce  is launched
2021-02-07 12:42:52 INFO  LoginPageFeatures:29 - ChromeDriver: chrome on WINDOWS (44e8627134a981045f6e617d4a9129af)
2021-02-07 12:42:52 INFO  LoginPageFeatures:30 - App is launching
2021-02-07 12:42:53 INFO  SelUtility:49 - Salesforce  is launched
2021-02-07 12:59:09 INFO  LoginPageFeatures:27 - ChromeDriver: chrome on WINDOWS (e9562d81a9cc877aa7bae9415bb3f2bc)
2021-02-07 12:59:09 INFO  LoginPageFeatures:28 - App is launching
2021-02-07 12:59:11 INFO  SelUtility:49 - Salesforce  is launched
2021-02-07 13:06:11 INFO  LoginPageFeatures:27 - ChromeDriver: chrome on WINDOWS (9c7a6c5e5e4984f4d6dc08ea927b2d1a)
2021-02-07 13:06:11 INFO  LoginPageFeatures:28 - App is launching
2021-02-07 13:06:12 INFO  SelUtility:49 - Salesforce  is launched
2021-02-07 13:08:25 INFO  LoginPageFeatures:29 - ChromeDriver: chrome on WINDOWS (a2dc09df74323debbebb8855f9312c8f)
2021-02-07 13:08:25 INFO  LoginPageFeatures:30 - App is launching
2021-02-07 13:08:26 INFO  LoginPageFeatures:27 - ChromeDriver: chrome on WINDOWS (c7e7136845c50d4930b117e228db306f)
2021-02-07 13:08:26 INFO  LoginPageFeatures:28 - App is launching
2021-02-07 13:08:28 INFO  SelUtility:49 - Salesforce  is launched
2021-02-07 13:10:23 INFO  LoginPageFeatures:27 - ChromeDriver: chrome on WINDOWS (281c39bc782bebdb13785a3a9c50c9e1)
2021-02-07 13:10:23 INFO  LoginPageFeatures:28 - App is launching
2021-02-07 13:10:24 INFO  SelUtility:49 - Salesforce  is launched
2021-02-07 16:05:53 INFO  SelUtility:51 - Salesforce  is launched
2021-02-07 16:05:53 INFO  LoginPageFeatures:32 - ChromeDriver: chrome on WINDOWS (22096c505dcbd9657faeb78abf86cb62)
2021-02-07 16:05:53 INFO  LoginPageFeatures:33 - App is launching
2021-02-07 16:09:02 INFO  SelUtility:51 - Salesforce  is launched
2021-02-07 16:09:02 INFO  LoginPageFeatures:32 - ChromeDriver: chrome on WINDOWS (117c3dec6e8f39e40de5ac09062b1fdb)
2021-02-07 16:09:02 INFO  LoginPageFeatures:33 - App is launching
2021-02-07 16:11:14 INFO  SelUtility:51 - Salesforce  is launched
2021-02-07 16:11:14 INFO  LoginPageFeatures:32 - ChromeDriver: chrome on WINDOWS (ba11e6ccc55f98d8c611a07fa4f598b5)
2021-02-07 16:11:14 INFO  LoginPageFeatures:33 - App is launching
2021-02-07 16:11:23 INFO  SelUtility:51 - Salesforce  is launched
2021-02-07 16:11:23 INFO  LoginPageFeatures:32 - ChromeDriver: chrome on WINDOWS (efbb3a2d42263f4a16c62a9d7872f792)
2021-02-07 16:11:23 INFO  LoginPageFeatures:33 - App is launching
2021-02-07 16:11:34 INFO  SelUtility:51 - Salesforce  is launched
2021-02-07 16:11:34 INFO  LoginPageFeatures:32 - ChromeDriver: chrome on WINDOWS (3e7c5c09667df84d7417850d49617e58)
2021-02-07 16:11:34 INFO  LoginPageFeatures:33 - App is launching
2021-02-07 16:11:38 INFO  SelUtility:51 - Salesforce  is launched
2021-02-07 16:11:38 INFO  LoginPageFeatures:32 - ChromeDriver: chrome on WINDOWS (094b558f442684069a30da9b392591f0)
2021-02-07 16:11:38 INFO  LoginPageFeatures:33 - App is launching
2021-02-07 16:11:50 INFO  SelUtility:51 - Salesforce  is launched
2021-02-07 16:11:50 INFO  LoginPageFeatures:32 - ChromeDriver: chrome on WINDOWS (94056fc7df7e6e34089cecdbc053bda7)
2021-02-07 16:11:50 INFO  LoginPageFeatures:33 - App is launching
2021-02-07 16:17:26 INFO  SelUtility:51 - Salesforce  is launched
2021-02-07 16:17:26 INFO  LoginPageFeatures:32 - ChromeDriver: chrome on WINDOWS (00eb4f371d3f2e7ddf70de7ac92b5786)
2021-02-07 16:17:26 INFO  LoginPageFeatures:33 - App is launching
2021-02-07 16:17:38 INFO  SelUtility:51 - Salesforce  is launched
2021-02-07 16:17:38 INFO  LoginPageFeatures:32 - ChromeDriver: chrome on WINDOWS (46da58d5d757174d9774dad6ca47ad94)
2021-02-07 16:17:38 INFO  LoginPageFeatures:33 - App is launching
2021-02-07 16:17:49 INFO  SelUtility:51 - Salesforce  is launched
2021-02-07 16:17:49 INFO  LoginPageFeatures:32 - ChromeDriver: chrome on WINDOWS (18724cc07c353892e757ce14638f42e4)
2021-02-07 16:17:49 INFO  LoginPageFeatures:33 - App is launching
2021-02-07 16:17:53 INFO  SelUtility:51 - Salesforce  is launched
2021-02-07 16:17:53 INFO  LoginPageFeatures:32 - ChromeDriver: chrome on WINDOWS (c0df5e9bcb2abe13b8442ab0349ac97a)
2021-02-07 16:17:53 INFO  LoginPageFeatures:33 - App is launching
2021-02-07 16:18:06 INFO  SelUtility:51 - Salesforce  is launched
2021-02-07 16:18:06 INFO  LoginPageFeatures:32 - ChromeDriver: chrome on WINDOWS (1f2c8b265e0970ccabf7aa0bd1935557)
2021-02-07 16:18:06 INFO  LoginPageFeatures:33 - App is launching
2021-02-07 16:36:52 INFO  SelUtility:51 - Salesforce  is launched
2021-02-07 16:36:52 INFO  LoginPageFeatures:32 - ChromeDriver: chrome on WINDOWS (9e6ea6562a4c8d698f78f0eacdce61c8)
2021-02-07 16:36:52 INFO  LoginPageFeatures:33 - App is launching
2021-02-07 16:42:17 INFO  SelUtility:51 - Salesforce  is launched
2021-02-07 16:42:17 INFO  LoginPageFeatures:32 - ChromeDriver: chrome on WINDOWS (dc58c471149268df7e543c6994be6611)
2021-02-07 16:42:17 INFO  LoginPageFeatures:33 - App is launching
2021-02-07 18:10:40 INFO  SelUtility:51 - Salesforce  is launched
2021-02-07 18:10:40 INFO  LoginPageFeatures:32 - ChromeDriver: chrome on WINDOWS (2f0d5d2685f5d1677dfa15b2a6400ac2)
2021-02-07 18:10:40 INFO  LoginPageFeatures:33 - App is launching
2021-02-07 18:11:49 INFO  SelUtility:51 - Salesforce  is launched
2021-02-07 18:11:49 INFO  LoginPageFeatures:32 - ChromeDriver: chrome on WINDOWS (620cf18f405943dd67f6861d13e9d5bf)
2021-02-07 18:11:49 INFO  LoginPageFeatures:33 - App is launching
2021-02-07 18:12:01 INFO  SelUtility:51 - Salesforce  is launched
2021-02-07 18:12:01 INFO  LoginPageFeatures:32 - ChromeDriver: chrome on WINDOWS (a1d3b57b39cf9fcfa2df9d72f1022c16)
2021-02-07 18:12:01 INFO  LoginPageFeatures:33 - App is launching
2021-02-07 18:12:10 INFO  SelUtility:51 - Salesforce  is launched
2021-02-07 18:12:10 INFO  LoginPageFeatures:32 - ChromeDriver: chrome on WINDOWS (5a2e1b16b06bf9a6f1880df6e2ad401d)
2021-02-07 18:12:10 INFO  LoginPageFeatures:33 - App is launching
2021-02-07 18:12:14 INFO  SelUtility:51 - Salesforce  is launched
2021-02-07 18:12:14 INFO  LoginPageFeatures:32 - ChromeDriver: chrome on WINDOWS (9ae7eb1fb335dec7b39f4f7d9271541a)
2021-02-07 18:12:14 INFO  LoginPageFeatures:33 - App is launching
2021-02-07 18:12:29 INFO  SelUtility:51 - Salesforce  is launched
2021-02-07 18:12:29 INFO  LoginPageFeatures:32 - ChromeDriver: chrome on WINDOWS (00420373d52e9ade2ba2837553a0e434)
2021-02-07 18:12:29 INFO  LoginPageFeatures:33 - App is launching
2021-02-07 18:17:28 INFO  SelUtility:51 - Salesforce  is launched
2021-02-07 18:17:28 INFO  LoginPageFeatures:32 - ChromeDriver: chrome on WINDOWS (a093c603566139ab2e224859a0e07ece)
2021-02-07 18:17:28 INFO  LoginPageFeatures:33 - App is launching
2021-02-07 18:17:33 INFO  SelUtility:51 - Salesforce  is launched
2021-02-07 18:17:33 INFO  LoginPageFeatures:32 - ChromeDriver: chrome on WINDOWS (a9aa8a21766df8f6f1aafba50efc2f5a)
2021-02-07 18:17:33 INFO  LoginPageFeatures:33 - App is launching
2021-02-07 18:17:37 INFO  SelUtility:51 - Salesforce  is launched
2021-02-07 18:17:37 INFO  LoginPageFeatures:32 - ChromeDriver: chrome on WINDOWS (fa6b2a7a0b609e0a75744205855206f5)
2021-02-07 18:17:37 INFO  LoginPageFeatures:33 - App is launching
2021-02-07 18:17:43 INFO  SelUtility:51 - Salesforce  is launched
2021-02-07 18:17:43 INFO  LoginPageFeatures:32 - ChromeDriver: chrome on WINDOWS (8fa6e3fb7fdf2f1415be422d1b2b5d1b)
2021-02-07 18:17:43 INFO  LoginPageFeatures:33 - App is launching
2021-02-07 18:17:55 INFO  SelUtility:51 - Salesforce  is launched
2021-02-07 18:17:55 INFO  LoginPageFeatures:32 - ChromeDriver: chrome on WINDOWS (29fd01cdd92aabcf79f24a3e678d4e04)
2021-02-07 18:17:55 INFO  LoginPageFeatures:33 - App is launching
2021-02-07 18:21:39 INFO  SelUtility:51 - Salesforce  is launched
2021-02-07 18:21:39 INFO  LoginPageFeatures:32 - ChromeDriver: chrome on WINDOWS (2ffd6382827244efe74c788257dde64b)
2021-02-07 18:21:39 INFO  LoginPageFeatures:33 - App is launching
2021-02-07 18:21:46 INFO  SelUtility:51 - Salesforce  is launched
2021-02-07 18:21:46 INFO  LoginPageFeatures:32 - ChromeDriver: chrome on WINDOWS (d52e95107e8c28785d35f5e51b9e1216)
2021-02-07 18:21:46 INFO  LoginPageFeatures:33 - App is launching
2021-02-07 18:21:52 INFO  SelUtility:51 - Salesforce  is launched
2021-02-07 18:21:52 INFO  LoginPageFeatures:32 - ChromeDriver: chrome on WINDOWS (e567ef97dc0fb334f17a6fb2c2a4a97e)
2021-02-07 18:21:52 INFO  LoginPageFeatures:33 - App is launching
2021-02-07 18:21:58 INFO  SelUtility:51 - Salesforce  is launched
2021-02-07 18:21:58 INFO  LoginPageFeatures:32 - ChromeDriver: chrome on WINDOWS (e9e7cfdfa848e37c753697ecc94e3b64)
2021-02-07 18:21:58 INFO  LoginPageFeatures:33 - App is launching
2021-02-07 18:22:12 INFO  SelUtility:51 - Salesforce  is launched
2021-02-07 18:22:12 INFO  LoginPageFeatures:32 - ChromeDriver: chrome on WINDOWS (899db0cb5ba0c7cae5a2b0977e19a13f)
2021-02-07 18:22:12 INFO  LoginPageFeatures:33 - App is launching
2021-02-07 18:27:24 INFO  SelUtility:51 - Salesforce  is launched
2021-02-07 18:27:24 INFO  LoginPageFeatures:32 - ChromeDriver: chrome on WINDOWS (12c93764949054d0f74db962e7091848)
2021-02-07 18:27:24 INFO  LoginPageFeatures:33 - App is launching
2021-02-07 18:27:31 INFO  SelUtility:51 - Salesforce  is launched
2021-02-07 18:27:31 INFO  LoginPageFeatures:32 - ChromeDriver: chrome on WINDOWS (c220205f70f218417059e6df08e13858)
2021-02-07 18:27:31 INFO  LoginPageFeatures:33 - App is launching
2021-02-07 18:27:35 INFO  SelUtility:51 - Salesforce  is launched
2021-02-07 18:27:35 INFO  LoginPageFeatures:32 - ChromeDriver: chrome on WINDOWS (4eda531ea47939eb129334bbedac84ef)
2021-02-07 18:27:35 INFO  LoginPageFeatures:33 - App is launching
2021-02-07 18:27:41 INFO  SelUtility:51 - Salesforce  is launched
2021-02-07 18:27:41 INFO  LoginPageFeatures:32 - ChromeDriver: chrome on WINDOWS (76c89f08828069d6ab2df99275aa75fa)
2021-02-07 18:27:41 INFO  LoginPageFeatures:33 - App is launching
2021-02-07 18:27:53 INFO  SelUtility:51 - Salesforce  is launched
2021-02-07 18:27:53 INFO  LoginPageFeatures:32 - ChromeDriver: chrome on WINDOWS (1930e8f3fe511b29a901d3a860fb5910)
2021-02-07 18:27:53 INFO  LoginPageFeatures:33 - App is launching
2021-02-07 18:30:29 INFO  SelUtility:51 - Salesforce  is launched
2021-02-07 18:30:29 INFO  LoginPageFeatures:32 - ChromeDriver: chrome on WINDOWS (2da035a3419bb7f1176260947860e2d1)
2021-02-07 18:30:29 INFO  LoginPageFeatures:33 - App is launching
2021-02-07 18:31:14 INFO  SelUtility:51 - Salesforce  is launched
2021-02-07 18:31:14 INFO  LoginPageFeatures:32 - ChromeDriver: chrome on WINDOWS (fb808dc9102929cbfd6bba19b43f90d3)
2021-02-07 18:31:14 INFO  LoginPageFeatures:33 - App is launching
2021-02-07 18:32:38 INFO  SelUtility:51 - Salesforce  is launched
2021-02-07 18:32:38 INFO  LoginPageFeatures:32 - ChromeDriver: chrome on WINDOWS (6746f4aa37f4187facdac4fd32814bd7)
2021-02-07 18:32:38 INFO  LoginPageFeatures:33 - App is launching
2021-02-07 18:34:35 INFO  SelUtility:51 - Salesforce  is launched
2021-02-07 18:34:35 INFO  LoginPageFeatures:32 - ChromeDriver: chrome on WINDOWS (33612792d6f0d8ff7d9db67000eee9a0)
2021-02-07 18:34:35 INFO  LoginPageFeatures:33 - App is launching
2021-02-07 18:35:11 INFO  SelUtility:51 - Salesforce  is launched
2021-02-07 18:35:11 INFO  LoginPageFeatures:32 - ChromeDriver: chrome on WINDOWS (09c8d40e0173a37b6949d0fc2ab140bd)
2021-02-07 18:35:11 INFO  LoginPageFeatures:33 - App is launching
2021-02-07 20:13:25 INFO  SelUtility:51 - Salesforce  is launched
2021-02-07 20:13:25 INFO  LeadPageFeatures:25 - ChromeDriver: chrome on WINDOWS (595620bcc56ec8e388a0873559a9a1f2)
2021-02-07 20:13:25 INFO  LeadPageFeatures:26 - App is launching
2021-02-07 20:17:33 INFO  SelUtility:51 - Salesforce  is launched
2021-02-07 20:17:33 INFO  LeadPageFeatures:25 - ChromeDriver: chrome on WINDOWS (51e36a13fa96a8fff545f8cbceb4c915)
2021-02-07 20:17:33 INFO  LeadPageFeatures:26 - App is launching
2021-02-07 20:26:40 INFO  SelUtility:51 - Salesforce  is launched
2021-02-07 20:26:40 INFO  LeadPageFeatures:25 - ChromeDriver: chrome on WINDOWS (dedbaa633032bbf1fac271d2f51f8bc0)
2021-02-07 20:26:40 INFO  LeadPageFeatures:26 - App is launching
2021-02-07 20:28:58 INFO  SelUtility:51 - Salesforce  is launched
2021-02-07 20:28:58 INFO  LeadPageFeatures:25 - ChromeDriver: chrome on WINDOWS (f66a64319d7e1b0e4e76c9651bf4347a)
2021-02-07 20:28:58 INFO  LeadPageFeatures:26 - App is launching
2021-02-07 20:30:00 INFO  SelUtility:51 - Salesforce  is launched
2021-02-07 20:30:00 INFO  LeadPageFeatures:25 - ChromeDriver: chrome on WINDOWS (df1802c743f3f870a6de2937059db737)
2021-02-07 20:30:00 INFO  LeadPageFeatures:26 - App is launching
2021-02-07 20:51:50 INFO  SelUtility:52 - Salesforce  is launched
2021-02-07 20:51:50 INFO  LeadPageFeatures:25 - ChromeDriver: chrome on WINDOWS (4a272209dda7186330d3c52e6704e37b)
2021-02-07 20:51:50 INFO  LeadPageFeatures:26 - App is launching
2021-02-07 20:52:05 INFO  SelUtility:52 - Salesforce  is launched
2021-02-07 20:52:05 INFO  LeadPageFeatures:25 - ChromeDriver: chrome on WINDOWS (93e08d72316c907337124d5b985e5e3b)
2021-02-07 20:52:05 INFO  LeadPageFeatures:26 - App is launching
2021-02-07 20:53:26 INFO  SelUtility:52 - Salesforce  is launched
2021-02-07 20:53:26 INFO  LeadPageFeatures:25 - ChromeDriver: chrome on WINDOWS (bd8639b1b7aa9c273e94d88464874a90)
2021-02-07 20:53:26 INFO  LeadPageFeatures:26 - App is launching
2021-02-07 20:53:40 INFO  SelUtility:52 - Salesforce  is launched
2021-02-07 20:53:40 INFO  LeadPageFeatures:25 - ChromeDriver: chrome on WINDOWS (95ae9d0e876b30cfd9de7dc9a12562a8)
2021-02-07 20:53:40 INFO  LeadPageFeatures:26 - App is launching
2021-02-07 20:55:52 INFO  SelUtility:52 - Salesforce  is launched
2021-02-07 20:55:52 INFO  LeadPageFeatures:25 - ChromeDriver: chrome on WINDOWS (0bf7ea253f7daebeee84b7bd96c47cbe)
2021-02-07 20:55:52 INFO  LeadPageFeatures:26 - App is launching
2021-02-07 20:56:06 INFO  SelUtility:52 - Salesforce  is launched
2021-02-07 20:56:06 INFO  LeadPageFeatures:25 - ChromeDriver: chrome on WINDOWS (2750c597a1a93ecff213b551e8b08ca2)
2021-02-07 20:56:06 INFO  LeadPageFeatures:26 - App is launching
2021-02-07 21:17:41 INFO  SelUtility:52 - Salesforce  is launched
2021-02-07 21:17:41 INFO  LeadPageFeatures:25 - ChromeDriver: chrome on WINDOWS (62e30ebae8fa31523fc2ba7b89dd1b13)
2021-02-07 21:17:41 INFO  LeadPageFeatures:26 - App is launching
2021-02-07 21:17:57 INFO  SelUtility:52 - Salesforce  is launched
2021-02-07 21:17:57 INFO  LeadPageFeatures:25 - ChromeDriver: chrome on WINDOWS (f36d7cbe809b8f34f2cd63a38992dbc9)
2021-02-07 21:17:57 INFO  LeadPageFeatures:26 - App is launching
2021-02-07 21:19:53 INFO  SelUtility:52 - Salesforce  is launched
2021-02-07 21:19:53 INFO  LeadPageFeatures:25 - ChromeDriver: chrome on WINDOWS (659215a8ed7b55041b8f215f53ad5d48)
2021-02-07 21:19:53 INFO  LeadPageFeatures:26 - App is launching
2021-02-07 21:20:10 INFO  SelUtility:52 - Salesforce  is launched
2021-02-07 21:20:10 INFO  LeadPageFeatures:25 - ChromeDriver: chrome on WINDOWS (e16d397d9ea2e5d19f57b3fbc6170495)
2021-02-07 21:20:10 INFO  LeadPageFeatures:26 - App is launching
2021-02-07 22:11:45 INFO  SelUtility:53 - Salesforce  is launched
2021-02-07 22:11:45 INFO  LeadPageFeatures:25 - ChromeDriver: chrome on WINDOWS (db0c9b05ada96f531d54d690ec3b76d4)
2021-02-07 22:11:45 INFO  LeadPageFeatures:26 - App is launching
2021-02-07 22:20:15 INFO  SelUtility:53 - Salesforce  is launched
2021-02-07 22:20:15 INFO  LeadPageFeatures:25 - ChromeDriver: chrome on WINDOWS (c01fecc06d6c5dd5dd222e0539da77b1)
2021-02-07 22:20:15 INFO  LeadPageFeatures:26 - App is launching
2021-02-07 22:29:24 INFO  SelUtility:53 - Salesforce  is launched
2021-02-07 22:29:24 INFO  LeadPageFeatures:25 - ChromeDriver: chrome on WINDOWS (8bbedf7e4f76da01b14673f3c31c47fc)
2021-02-07 22:29:24 INFO  LeadPageFeatures:26 - App is launching
2021-02-07 22:38:55 INFO  SelUtility:53 - Salesforce  is launched
2021-02-07 22:38:55 INFO  LeadPageFeatures:25 - ChromeDriver: chrome on WINDOWS (3b8f5e4ff375da1f2d349ec0fe676496)
2021-02-07 22:38:55 INFO  LeadPageFeatures:26 - App is launching
2021-02-07 23:04:30 INFO  SelUtility:53 - Salesforce  is launched
2021-02-07 23:04:30 INFO  LeadPageFeatures:25 - ChromeDriver: chrome on WINDOWS (22e8f7efa66c486fb437352b62bb26b0)
2021-02-07 23:04:30 INFO  LeadPageFeatures:26 - App is launching
2021-02-07 23:07:22 INFO  SelUtility:53 - Salesforce  is launched
2021-02-07 23:07:23 INFO  LeadPageFeatures:25 - ChromeDriver: chrome on WINDOWS (3029193b8df73ea39c2af822c8982659)
2021-02-07 23:07:23 INFO  LeadPageFeatures:26 - App is launching
2021-02-07 23:08:53 INFO  SelUtility:53 - Salesforce  is launched
2021-02-07 23:08:53 INFO  LeadPageFeatures:25 - ChromeDriver: chrome on WINDOWS (9e7f3fd08f2ff406b53da6e4c84e19e7)
2021-02-07 23:08:53 INFO  LeadPageFeatures:26 - App is launching
2021-02-07 23:11:33 INFO  SelUtility:53 - Salesforce  is launched
2021-02-07 23:11:33 INFO  LeadPageFeatures:25 - ChromeDriver: chrome on WINDOWS (f3357908512b15672f5d53227cd2a25c)
2021-02-07 23:11:33 INFO  LeadPageFeatures:26 - App is launching
2021-02-07 23:16:04 INFO  SelUtility:53 - Salesforce  is launched
2021-02-07 23:16:04 INFO  LeadPageFeatures:25 - ChromeDriver: chrome on WINDOWS (8c4ec51c52cac9206ab4d62b8f46082d)
2021-02-07 23:16:04 INFO  LeadPageFeatures:26 - App is launching
2021-02-07 23:19:55 INFO  SelUtility:53 - Salesforce  is launched
2021-02-07 23:19:55 INFO  LeadPageFeatures:25 - ChromeDriver: chrome on WINDOWS (d75944937b654a27eeda22771e2c5101)
2021-02-07 23:19:55 INFO  LeadPageFeatures:26 - App is launching
2021-02-07 23:22:14 INFO  SelUtility:53 - Salesforce  is launched
2021-02-07 23:22:14 INFO  LeadPageFeatures:25 - ChromeDriver: chrome on WINDOWS (90ab2642138ea3c71864ed223d00d024)
2021-02-07 23:22:14 INFO  LeadPageFeatures:26 - App is launching
2021-02-07 23:26:23 INFO  SelUtility:53 - Salesforce  is launched
2021-02-07 23:26:23 INFO  LeadPageFeatures:25 - ChromeDriver: chrome on WINDOWS (18d634387f7ed4285aa8ef5933757323)
2021-02-07 23:26:23 INFO  LeadPageFeatures:26 - App is launching
2021-02-07 23:28:20 INFO  SelUtility:53 - Salesforce  is launched
2021-02-07 23:28:20 INFO  LeadPageFeatures:25 - ChromeDriver: chrome on WINDOWS (b5c1cae2a869e39c170436f9cd311ff7)
2021-02-07 23:28:20 INFO  LeadPageFeatures:26 - App is launching
2021-02-07 23:53:25 INFO  SelUtility:53 - Salesforce  is launched
2021-02-07 23:53:25 INFO  LeadPageFeatures:25 - ChromeDriver: chrome on WINDOWS (4c5dd01e7fddae3501cb4eca8f00d04b)
2021-02-07 23:53:25 INFO  LeadPageFeatures:26 - App is launching
2021-02-07 23:55:13 INFO  SelUtility:53 - Salesforce  is launched
2021-02-07 23:55:13 INFO  LeadPageFeatures:25 - ChromeDriver: chrome on WINDOWS (d4a57b02b73ab56bf731045587707d36)
2021-02-07 23:55:13 INFO  LeadPageFeatures:26 - App is launching
2021-02-08 00:10:36 INFO  SelUtility:53 - Salesforce  is launched
2021-02-08 00:10:36 INFO  LeadPageFeatures:24 - ChromeDriver: chrome on WINDOWS (05795e43ce16949d8e0f89992e0eccd0)
2021-02-08 00:10:36 INFO  LeadPageFeatures:25 - App is launching
2021-02-08 01:11:53 INFO  SelUtility:53 - Salesforce  is launched
2021-02-08 01:11:53 INFO  LoginPageFeatures:28 - ChromeDriver: chrome on WINDOWS (06237e698a0894a80988cb82b12615b3)
2021-02-08 01:11:53 INFO  LoginPageFeatures:29 - App is launching
2021-02-08 01:12:00 INFO  SelUtility:53 - Salesforce  is launched
2021-02-08 01:12:00 INFO  LoginPageFeatures:28 - ChromeDriver: chrome on WINDOWS (475ddd70a0c08d0d8a50b4b0a30ad277)
2021-02-08 01:12:00 INFO  LoginPageFeatures:29 - App is launching
2021-02-08 01:12:05 INFO  SelUtility:53 - Salesforce  is launched
2021-02-08 01:12:05 INFO  LoginPageFeatures:28 - ChromeDriver: chrome on WINDOWS (bea383c0e639070195eedb6f92442c2b)
2021-02-08 01:12:05 INFO  LoginPageFeatures:29 - App is launching
2021-02-08 01:12:11 INFO  SelUtility:53 - Salesforce  is launched
2021-02-08 01:12:11 INFO  LoginPageFeatures:28 - ChromeDriver: chrome on WINDOWS (0fce69cd8247a2ef387906f9507edf3f)
2021-02-08 01:12:11 INFO  LoginPageFeatures:29 - App is launching
2021-02-08 01:12:25 INFO  SelUtility:53 - Salesforce  is launched
2021-02-08 01:12:25 INFO  LoginPageFeatures:28 - ChromeDriver: chrome on WINDOWS (8ff1f1762f32ce4417ca141d90155d55)
2021-02-08 01:12:25 INFO  LoginPageFeatures:29 - App is launching
2021-02-08 01:12:55 INFO  SelUtility:53 - Salesforce  is launched
2021-02-08 01:12:55 INFO  LeadPageFeatures:24 - ChromeDriver: chrome on WINDOWS (43f1a3d336f1dccaa640a0e52c902845)
2021-02-08 01:12:55 INFO  LeadPageFeatures:25 - App is launching
2021-02-08 01:13:23 INFO  SelUtility:53 - Salesforce  is launched
2021-02-08 01:13:23 INFO  LeadPageFeatures:24 - ChromeDriver: chrome on WINDOWS (f200fc9cdd924d3f900857a80040ca13)
2021-02-08 01:13:23 INFO  LeadPageFeatures:25 - App is launching
2021-02-08 01:13:37 INFO  SelUtility:53 - Salesforce  is launched
2021-02-08 01:13:37 INFO  LeadPageFeatures:24 - ChromeDriver: chrome on WINDOWS (5c4af5deff13f3a2f5dafbc999ccd172)
2021-02-08 01:13:37 INFO  LeadPageFeatures:25 - App is launching
2021-02-08 01:13:57 INFO  SelUtility:53 - Salesforce  is launched
2021-02-08 01:13:57 INFO  LeadPageFeatures:24 - ChromeDriver: chrome on WINDOWS (6e40ccc847e0f2db9825e119b421d045)
2021-02-08 01:13:57 INFO  LeadPageFeatures:25 - App is launching
2021-02-08 01:14:13 INFO  SelUtility:53 - Salesforce  is launched
2021-02-08 01:14:13 INFO  LeadPageFeatures:24 - ChromeDriver: chrome on WINDOWS (872e7fb6ee68839d3e9b014d86cf8648)
2021-02-08 01:14:13 INFO  LeadPageFeatures:25 - App is launching
2021-02-08 14:48:00 INFO  SelUtility:53 - Salesforce  is launched
2021-02-08 14:48:00 INFO  LoginPageFeatures:22 - ChromeDriver: chrome on WINDOWS (a3c90e941620e76e88098be99579d4ec)
2021-02-08 14:48:00 INFO  LoginPageFeatures:23 - App is launching
2021-02-08 14:48:09 INFO  SelUtility:53 - Salesforce  is launched
2021-02-08 14:48:09 INFO  LoginPageFeatures:22 - ChromeDriver: chrome on WINDOWS (7f2248359a9dcbaf3cef2c35bb43caaf)
2021-02-08 14:48:09 INFO  LoginPageFeatures:23 - App is launching
2021-02-08 18:06:39 INFO  SelUtility:53 - Salesforce  is launched
2021-02-08 18:06:39 INFO  LoginPageFeatures:22 - ChromeDriver: chrome on WINDOWS (50dc8c32f58304c885c609f012cdb2d8)
2021-02-08 18:06:39 INFO  LoginPageFeatures:23 - App is launching
2021-02-08 18:06:46 INFO  SelUtility:53 - Salesforce  is launched
2021-02-08 18:06:46 INFO  LoginPageFeatures:22 - ChromeDriver: chrome on WINDOWS (7e0c0b79982c9160a1735c1892210892)
2021-02-08 18:06:46 INFO  LoginPageFeatures:23 - App is launching
2021-02-08 18:07:09 INFO  SelUtility:53 - Salesforce  is launched
2021-02-08 18:07:09 INFO  LoginPageFeatures:22 - ChromeDriver: chrome on WINDOWS (a7a10e48abb84219b4b7cf002fc2e4cc)
2021-02-08 18:07:09 INFO  LoginPageFeatures:23 - App is launching
2021-02-08 18:07:14 INFO  SelUtility:53 - Salesforce  is launched
2021-02-08 18:07:14 INFO  LoginPageFeatures:22 - ChromeDriver: chrome on WINDOWS (2985b91e5134985785b54cd91a6f4ec3)
2021-02-08 18:07:14 INFO  LoginPageFeatures:23 - App is launching
2021-02-08 18:30:47 INFO  SelUtility:53 - Salesforce  is launched
2021-02-08 18:30:47 INFO  LeadPageFeatures:24 - ChromeDriver: chrome on WINDOWS (8a615b7a5aeee0c03309205440b266e0)
2021-02-08 18:30:47 INFO  LeadPageFeatures:25 - App is launching
2021-02-08 18:31:13 INFO  SelUtility:58 - Salesforce  is closed
2021-02-08 18:31:15 INFO  SelUtility:53 - Salesforce  is launched
2021-02-08 18:31:15 INFO  LeadPageFeatures:24 - ChromeDriver: chrome on WINDOWS (6540ce79bb3dc6cc7a61cd7e5da1c2d4)
2021-02-08 18:31:15 INFO  LeadPageFeatures:25 - App is launching
2021-02-08 18:31:26 INFO  SelUtility:58 - Salesforce  is closed
2021-02-08 18:31:32 INFO  SelUtility:53 - Salesforce  is launched
2021-02-08 18:31:32 INFO  LeadPageFeatures:24 - ChromeDriver: chrome on WINDOWS (9f92ed68124af321881755d3885fe9c2)
2021-02-08 18:31:32 INFO  LeadPageFeatures:25 - App is launching
2021-02-08 18:31:51 INFO  SelUtility:58 - Salesforce  is closed
2021-02-08 18:31:56 INFO  SelUtility:53 - Salesforce  is launched
2021-02-08 18:31:56 INFO  LeadPageFeatures:24 - ChromeDriver: chrome on WINDOWS (3bc9862113af026c43a9b5cad0f517a7)
2021-02-08 18:31:56 INFO  LeadPageFeatures:25 - App is launching
2021-02-08 18:32:06 INFO  SelUtility:58 - Salesforce  is closed
2021-02-08 18:32:09 INFO  SelUtility:53 - Salesforce  is launched
2021-02-08 18:32:09 INFO  LeadPageFeatures:24 - ChromeDriver: chrome on WINDOWS (2be07dfbaa82f6149c768ecdaf59be07)
2021-02-08 18:32:09 INFO  LeadPageFeatures:25 - App is launching
2021-02-08 18:32:20 INFO  SelUtility:58 - Salesforce  is closed
2021-02-08 18:33:15 INFO  SelUtility:53 - Salesforce  is launched
2021-02-08 18:33:15 INFO  LoginPageFeatures:22 - ChromeDriver: chrome on WINDOWS (4bacd4631c9d358a0f06a991e1cdb565)
2021-02-08 18:33:15 INFO  LoginPageFeatures:23 - App is launching
2021-02-08 18:33:20 INFO  SelUtility:58 - Salesforce  is closed
2021-02-08 18:33:23 INFO  SelUtility:53 - Salesforce  is launched
2021-02-08 18:33:23 INFO  LoginPageFeatures:22 - ChromeDriver: chrome on WINDOWS (022370dce2c871bb03e6229b74fcec13)
2021-02-08 18:33:23 INFO  LoginPageFeatures:23 - App is launching
2021-02-08 18:33:24 INFO  SelUtility:58 - Salesforce  is closed
2021-02-08 18:33:28 INFO  SelUtility:53 - Salesforce  is launched
2021-02-08 18:33:28 INFO  LoginPageFeatures:22 - ChromeDriver: chrome on WINDOWS (5b3c95d96f84881bc2978f04a5239340)
2021-02-08 18:33:28 INFO  LoginPageFeatures:23 - App is launching
2021-02-08 18:33:29 INFO  SelUtility:58 - Salesforce  is closed
2021-02-08 18:33:32 INFO  SelUtility:53 - Salesforce  is launched
2021-02-08 18:33:32 INFO  LoginPageFeatures:22 - ChromeDriver: chrome on WINDOWS (8350cbcb9b18a6eef38bd1adf341c989)
2021-02-08 18:33:32 INFO  LoginPageFeatures:23 - App is launching
2021-02-08 18:33:44 INFO  SelUtility:58 - Salesforce  is closed
2021-02-08 18:33:47 INFO  SelUtility:53 - Salesforce  is launched
2021-02-08 18:33:47 INFO  LoginPageFeatures:22 - ChromeDriver: chrome on WINDOWS (d1e40d019e8e90a5eb583a9db0590fe5)
2021-02-08 18:33:47 INFO  LoginPageFeatures:23 - App is launching
2021-02-08 18:33:50 INFO  SelUtility:58 - Salesforce  is closed
2021-02-09 10:05:47 INFO  SelUtility:53 - Salesforce  is launched
2021-02-09 10:05:47 INFO  LoginPageFeatures:22 - ChromeDriver: chrome on WINDOWS (deec99356567513302dc2b2e03fce0e7)
2021-02-09 10:05:47 INFO  LoginPageFeatures:23 - App is launching
2021-02-09 10:05:51 INFO  SelUtility:58 - Salesforce  is closed
2021-02-09 10:05:54 INFO  SelUtility:53 - Salesforce  is launched
2021-02-09 10:05:54 INFO  LoginPageFeatures:22 - ChromeDriver: chrome on WINDOWS (728a36ad88e35325c8eb87f909cd5029)
2021-02-09 10:05:54 INFO  LoginPageFeatures:23 - App is launching
2021-02-09 10:05:57 INFO  SelUtility:58 - Salesforce  is closed
2021-02-09 10:06:02 INFO  SelUtility:53 - Salesforce  is launched
2021-02-09 10:06:02 INFO  LoginPageFeatures:22 - ChromeDriver: chrome on WINDOWS (3deb3d00ac1a7b2b530bb5b33dbc8d98)
2021-02-09 10:06:02 INFO  LoginPageFeatures:23 - App is launching
2021-02-09 10:06:04 INFO  SelUtility:58 - Salesforce  is closed
2021-02-09 10:06:07 INFO  SelUtility:53 - Salesforce  is launched
2021-02-09 10:06:07 INFO  LoginPageFeatures:22 - ChromeDriver: chrome on WINDOWS (ea103769f2e1dd6205e890703b771044)
2021-02-09 10:06:07 INFO  LoginPageFeatures:23 - App is launching
2021-02-09 10:06:25 INFO  SelUtility:58 - Salesforce  is closed
2021-02-09 10:06:28 INFO  SelUtility:53 - Salesforce  is launched
2021-02-09 10:06:28 INFO  LoginPageFeatures:22 - ChromeDriver: chrome on WINDOWS (e5e26ba0d8f6bf164cda0506a29f3710)
2021-02-09 10:06:28 INFO  LoginPageFeatures:23 - App is launching
2021-02-09 10:06:37 INFO  SelUtility:58 - Salesforce  is closed
2021-02-10 18:12:34 INFO  SelUtility:53 - Salesforce  is launched
2021-02-10 18:12:34 INFO  LoginPageFeatures:22 - ChromeDriver: chrome on WINDOWS (0760872fe504187f61804b77e1649aef)
2021-02-10 18:12:34 INFO  LoginPageFeatures:23 - App is launching
2021-02-10 18:12:44 INFO  SelUtility:58 - Salesforce  is closed
2021-02-10 18:12:47 INFO  SelUtility:53 - Salesforce  is launched
2021-02-10 18:12:47 INFO  LoginPageFeatures:22 - ChromeDriver: chrome on WINDOWS (94963dbef8350f7ce1ed06bcb12528cb)
2021-02-10 18:12:47 INFO  LoginPageFeatures:23 - App is launching
2021-02-10 18:13:06 INFO  SelUtility:53 - Salesforce  is launched
2021-02-10 18:13:06 INFO  LeadPageFeatures:24 - ChromeDriver: chrome on WINDOWS (c6cf6d6d731cd4d45b2f91e0eab9f9ea)
2021-02-10 18:13:06 INFO  LeadPageFeatures:25 - App is launching
2021-02-10 18:13:34 INFO  SelUtility:58 - Salesforce  is closed
2021-02-10 18:16:00 INFO  SelUtility:53 - Salesforce  is launched
2021-02-10 18:16:00 INFO  LeadPageFeatures:24 - ChromeDriver: chrome on WINDOWS (d9ab1bd8e851cb7bad06611eca04acdd)
2021-02-10 18:16:00 INFO  LeadPageFeatures:25 - App is launching
2021-02-10 18:16:34 INFO  SelUtility:58 - Salesforce  is closed
2021-02-10 18:19:24 INFO  SelUtility:53 - Salesforce  is launched
2021-02-10 18:19:24 INFO  LeadPageFeatures:24 - ChromeDriver: chrome on WINDOWS (e31b8f933238c32e2ce28da796514543)
2021-02-10 18:19:24 INFO  LeadPageFeatures:25 - App is launching
2021-02-10 18:19:50 INFO  SelUtility:58 - Salesforce  is closed
2021-02-10 18:19:55 INFO  SelUtility:53 - Salesforce  is launched
2021-02-10 18:19:55 INFO  LeadPageFeatures:24 - ChromeDriver: chrome on WINDOWS (2c4ab60b0ef42bb13f2742a98a73c024)
2021-02-10 18:19:55 INFO  LeadPageFeatures:25 - App is launching
2021-02-10 18:20:07 INFO  SelUtility:58 - Salesforce  is closed
2021-02-10 18:20:10 INFO  SelUtility:53 - Salesforce  is launched
2021-02-10 18:20:10 INFO  LeadPageFeatures:24 - ChromeDriver: chrome on WINDOWS (ca14608b798252ba84177b56bc590499)
2021-02-10 18:20:10 INFO  LeadPageFeatures:25 - App is launching
2021-02-10 18:20:34 INFO  SelUtility:58 - Salesforce  is closed
2021-02-10 18:20:38 INFO  SelUtility:53 - Salesforce  is launched
2021-02-10 18:20:38 INFO  LeadPageFeatures:24 - ChromeDriver: chrome on WINDOWS (55350d36651fee1fa89f1b0af07af65b)
2021-02-10 18:20:38 INFO  LeadPageFeatures:25 - App is launching
2021-02-10 18:20:49 INFO  SelUtility:58 - Salesforce  is closed
2021-02-10 18:20:52 INFO  SelUtility:53 - Salesforce  is launched
2021-02-10 18:20:52 INFO  LeadPageFeatures:24 - ChromeDriver: chrome on WINDOWS (efc8c10b11ba2b75a4daa9b84d9285f7)
2021-02-10 18:20:52 INFO  LeadPageFeatures:25 - App is launching
2021-02-10 18:21:06 INFO  SelUtility:58 - Salesforce  is closed
2021-02-10 18:29:23 INFO  SelUtility:53 - Salesforce  is launched
2021-02-10 18:29:23 INFO  LeadPageFeatures:24 - ChromeDriver: chrome on WINDOWS (744d90cb6d31e98cfe07bdf772034d1d)
2021-02-10 18:29:23 INFO  LeadPageFeatures:25 - App is launching
2021-02-10 18:29:51 INFO  SelUtility:58 - Salesforce  is closed
2021-02-10 18:29:54 INFO  SelUtility:53 - Salesforce  is launched
2021-02-10 18:29:54 INFO  LeadPageFeatures:24 - ChromeDriver: chrome on WINDOWS (8d0f706b8f31dcb1779503f8b3984b01)
2021-02-10 18:29:54 INFO  LeadPageFeatures:25 - App is launching
2021-02-10 18:30:08 INFO  SelUtility:58 - Salesforce  is closed
2021-02-10 18:30:14 INFO  SelUtility:53 - Salesforce  is launched
2021-02-10 18:30:14 INFO  LeadPageFeatures:24 - ChromeDriver: chrome on WINDOWS (f15b4ed35cd835b4dcd228aa954a2b9b)
2021-02-10 18:30:14 INFO  LeadPageFeatures:25 - App is launching
2021-02-10 18:30:35 INFO  SelUtility:58 - Salesforce  is closed
2021-02-10 18:30:38 INFO  SelUtility:53 - Salesforce  is launched
2021-02-10 18:30:38 INFO  LeadPageFeatures:24 - ChromeDriver: chrome on WINDOWS (f825e6df706138b175b57728abe24de6)
2021-02-10 18:30:38 INFO  LeadPageFeatures:25 - App is launching
2021-02-10 18:30:50 INFO  SelUtility:58 - Salesforce  is closed
2021-02-10 18:30:53 INFO  SelUtility:53 - Salesforce  is launched
2021-02-10 18:30:53 INFO  LeadPageFeatures:24 - ChromeDriver: chrome on WINDOWS (6fe87ed49fe21ce9a6e824cfd0560dd6)
2021-02-10 18:30:53 INFO  LeadPageFeatures:25 - App is launching
2021-02-10 18:31:10 INFO  SelUtility:58 - Salesforce  is closed
